<?xml version="1.0" encoding="UTF-8"?>
<!-- Generated by org.testng.reporters.JUnitReportReporter -->
<testsuite hostname="SRAINA-NB" failures="0" tests="1" name="com.testng.tests.TestNGTests.TestNGTest2" time="0.000" errors="0" timestamp="2022-11-18T09:42:07 CET" skipped="0">
  <testcase classname="com.testng.tests.TestNGTests.TestNGTest2" name="test2" time="0.000"/>
  <system-out/>
</testsuite> <!-- com.testng.tests.TestNGTests.TestNGTest2 -->
