<?xml version="1.0" encoding="UTF-8"?>
<!-- Generated by org.testng.reporters.JUnitReportReporter -->
<testsuite hostname="SRAINA-NB" failures="0" tests="2" name="com.testng.tests.TestNGTests.Test_Groups" time="0.014" errors="0" timestamp="2022-11-18T09:40:04 CET" skipped="0">
  <testcase classname="com.testng.tests.TestNGTests.Test_Groups" name="sanityTest1" time="0.013"/>
  <system-out/>
  <testcase classname="com.testng.tests.TestNGTests.Test_Groups" name="sanity_dbTest2" time="0.001"/>
  <system-out/>
</testsuite> <!-- com.testng.tests.TestNGTests.Test_Groups -->
