<?xml version="1.0" encoding="UTF-8"?>
<!-- Generated by org.testng.reporters.JUnitReportReporter -->
<testsuite hostname="SRAINA-NB" failures="0" tests="4" name="com.testng.tests.TestNGTests.PriorityTest" time="0.013" errors="0" timestamp="2022-11-18T08:58:05 CET" skipped="0">
  <testcase classname="com.testng.tests.TestNGTests.PriorityTest" name="testMethodD" time="0.011"/>
  <system-out/>
  <testcase classname="com.testng.tests.TestNGTests.PriorityTest" name="testMethodB" time="0.001"/>
  <system-out/>
  <testcase classname="com.testng.tests.TestNGTests.PriorityTest" name="testMethodA" time="0.000"/>
  <system-out/>
  <testcase classname="com.testng.tests.TestNGTests.PriorityTest" name="testMethodC" time="0.001"/>
  <system-out/>
</testsuite> <!-- com.testng.tests.TestNGTests.PriorityTest -->
