<?xml version="1.0" encoding="UTF-8"?>
<!-- Generated by org.testng.reporters.JUnitReportReporter -->
<testsuite hostname="SRAINA-NB" failures="0" tests="2" name="com.testng.tests.TestNGTests.TestNGTest1" time="0.008" errors="0" timestamp="2022-11-18T09:42:07 CET" skipped="0">
  <testcase classname="com.testng.tests.TestNGTests.TestNGTest1" name="test" time="0.006"/>
  <system-out/>
  <testcase classname="com.testng.tests.TestNGTests.TestNGTest1" name="test1" time="0.002"/>
  <system-out/>
</testsuite> <!-- com.testng.tests.TestNGTests.TestNGTest1 -->
