<?xml version="1.0" encoding="UTF-8"?>
<!-- Generated by org.testng.reporters.JUnitReportReporter -->
<testsuite hostname="SRAINA-NB" failures="0" tests="1" name="com.testng.tests.TestNGTests.Test_Parameter" time="0.009" errors="0" timestamp="2022-11-18T09:42:28 CET" skipped="0">
  <testcase classname="com.testng.tests.TestNGTests.Test_Parameter" name="test" time="0.009"/>
  <system-out/>
</testsuite> <!-- com.testng.tests.TestNGTests.Test_Parameter -->
